mode: set
Go_Aldimas/21_clean_architecture/clean_architecture/businesses/users/usecase.go:12.76,17.2 1 1
Go_Aldimas/21_clean_architecture/clean_architecture/businesses/users/usecase.go:19.42,21.2 1 1
Go_Aldimas/21_clean_architecture/clean_architecture/businesses/users/usecase.go:23.60,25.2 1 1
Go_Aldimas/21_clean_architecture/clean_architecture/businesses/users/usecase.go:27.57,29.18 2 1
Go_Aldimas/21_clean_architecture/clean_architecture/businesses/users/usecase.go:32.2,33.14 2 0
Go_Aldimas/21_clean_architecture/clean_architecture/businesses/users/usecase.go:29.18,31.3 1 1
