mode: set
Go_Aldimas/20_unit_testing/restful_api_unit_testing/controllers/bookcontrollers.go:11.46,15.16 2 1
Go_Aldimas/20_unit_testing/restful_api_unit_testing/controllers/bookcontrollers.go:18.2,21.4 1 1
Go_Aldimas/20_unit_testing/restful_api_unit_testing/controllers/bookcontrollers.go:15.16,17.3 1 0
Go_Aldimas/20_unit_testing/restful_api_unit_testing/controllers/bookcontrollers.go:24.48,29.16 3 0
Go_Aldimas/20_unit_testing/restful_api_unit_testing/controllers/bookcontrollers.go:36.2,39.4 1 0
Go_Aldimas/20_unit_testing/restful_api_unit_testing/controllers/bookcontrollers.go:29.16,34.3 1 0
Go_Aldimas/20_unit_testing/restful_api_unit_testing/controllers/bookcontrollers.go:42.49,53.16 5 0
Go_Aldimas/20_unit_testing/restful_api_unit_testing/controllers/bookcontrollers.go:57.2,61.3 1 0
Go_Aldimas/20_unit_testing/restful_api_unit_testing/controllers/bookcontrollers.go:53.16,55.3 1 0
Go_Aldimas/20_unit_testing/restful_api_unit_testing/controllers/bookcontrollers.go:68.49,74.16 3 0
Go_Aldimas/20_unit_testing/restful_api_unit_testing/controllers/bookcontrollers.go:80.2,82.4 1 0
Go_Aldimas/20_unit_testing/restful_api_unit_testing/controllers/bookcontrollers.go:74.16,78.3 1 0
Go_Aldimas/20_unit_testing/restful_api_unit_testing/controllers/bookcontrollers.go:85.49,91.16 5 0
Go_Aldimas/20_unit_testing/restful_api_unit_testing/controllers/bookcontrollers.go:95.2,98.4 1 0
Go_Aldimas/20_unit_testing/restful_api_unit_testing/controllers/bookcontrollers.go:91.16,93.3 1 0
Go_Aldimas/20_unit_testing/restful_api_unit_testing/controllers/controllers.go:16.29,19.2 2 1
Go_Aldimas/20_unit_testing/restful_api_unit_testing/controllers/controllers.go:21.47,25.16 2 1
Go_Aldimas/20_unit_testing/restful_api_unit_testing/controllers/controllers.go:28.2,31.4 1 1
Go_Aldimas/20_unit_testing/restful_api_unit_testing/controllers/controllers.go:25.16,27.3 1 0
Go_Aldimas/20_unit_testing/restful_api_unit_testing/controllers/controllers.go:35.46,40.16 3 0
Go_Aldimas/20_unit_testing/restful_api_unit_testing/controllers/controllers.go:47.2,50.4 1 0
Go_Aldimas/20_unit_testing/restful_api_unit_testing/controllers/controllers.go:40.16,45.3 1 0
Go_Aldimas/20_unit_testing/restful_api_unit_testing/controllers/controllers.go:54.49,60.16 4 1
Go_Aldimas/20_unit_testing/restful_api_unit_testing/controllers/controllers.go:63.2,66.4 1 1
Go_Aldimas/20_unit_testing/restful_api_unit_testing/controllers/controllers.go:60.16,62.3 1 0
Go_Aldimas/20_unit_testing/restful_api_unit_testing/controllers/controllers.go:70.49,76.16 3 0
Go_Aldimas/20_unit_testing/restful_api_unit_testing/controllers/controllers.go:82.2,84.4 1 0
Go_Aldimas/20_unit_testing/restful_api_unit_testing/controllers/controllers.go:76.16,80.3 1 0
Go_Aldimas/20_unit_testing/restful_api_unit_testing/controllers/controllers.go:88.49,94.16 5 0
Go_Aldimas/20_unit_testing/restful_api_unit_testing/controllers/controllers.go:98.2,101.4 1 0
Go_Aldimas/20_unit_testing/restful_api_unit_testing/controllers/controllers.go:94.16,96.3 1 0
Go_Aldimas/20_unit_testing/restful_api_unit_testing/controllers/controllers.go:104.34,106.44 2 1
Go_Aldimas/20_unit_testing/restful_api_unit_testing/controllers/controllers.go:110.2,111.17 2 1
Go_Aldimas/20_unit_testing/restful_api_unit_testing/controllers/controllers.go:115.2,117.4 1 1
Go_Aldimas/20_unit_testing/restful_api_unit_testing/controllers/controllers.go:106.44,108.3 1 0
Go_Aldimas/20_unit_testing/restful_api_unit_testing/controllers/controllers.go:111.17,113.3 1 1
