mode: set
Go_Aldimas/21_clean_architecture/clean_architecture/main.go:29.13,67.12 12 0
Go_Aldimas/21_clean_architecture/clean_architecture/main.go:72.2,73.47 1 0
Go_Aldimas/21_clean_architecture/clean_architecture/main.go:81.2,81.8 1 0
Go_Aldimas/21_clean_architecture/clean_architecture/main.go:67.12,68.94 1 0
Go_Aldimas/21_clean_architecture/clean_architecture/main.go:68.94,70.4 1 0
Go_Aldimas/21_clean_architecture/clean_architecture/main.go:73.47,75.4 1 0
Go_Aldimas/21_clean_architecture/clean_architecture/main.go:76.50,78.4 1 0
Go_Aldimas/21_clean_architecture/clean_architecture/main.go:86.109,88.12 2 0
Go_Aldimas/21_clean_architecture/clean_architecture/main.go:126.2,126.13 1 0
Go_Aldimas/21_clean_architecture/clean_architecture/main.go:88.12,96.49 5 0
Go_Aldimas/21_clean_architecture/clean_architecture/main.go:101.3,105.28 3 0
Go_Aldimas/21_clean_architecture/clean_architecture/main.go:121.3,123.14 2 0
Go_Aldimas/21_clean_architecture/clean_architecture/main.go:96.49,99.4 2 0
Go_Aldimas/21_clean_architecture/clean_architecture/main.go:105.28,109.14 4 0
Go_Aldimas/21_clean_architecture/clean_architecture/main.go:109.14,113.40 3 0
Go_Aldimas/21_clean_architecture/clean_architecture/main.go:118.5,118.55 1 0
Go_Aldimas/21_clean_architecture/clean_architecture/main.go:113.40,116.6 2 0
